{"C:\\Users\\Lenovo\\Desktop\\Testning\\testing-Niccar95\\src\\ts\\createHtml.ts": {"path":"C:\\Users\\Lenovo\\Desktop\\Testning\\testing-Niccar95\\src\\ts\\createHtml.ts","statementMap":{"0":{"start":{"line":3,"column":26},"end":{"line":19,"column":1}},"1":{"start":{"line":4,"column":2},"end":{"line":18,"column":3}},"2":{"start":{"line":4,"column":15},"end":{"line":4,"column":16}},"3":{"start":{"line":5,"column":16},"end":{"line":5,"column":45}},"4":{"start":{"line":6,"column":16},"end":{"line":6,"column":44}},"5":{"start":{"line":7,"column":14},"end":{"line":7,"column":43}},"6":{"start":{"line":9,"column":4},"end":{"line":9,"column":33}},"7":{"start":{"line":10,"column":4},"end":{"line":10,"column":38}},"8":{"start":{"line":11,"column":4},"end":{"line":11,"column":31}},"9":{"start":{"line":12,"column":4},"end":{"line":12,"column":30}},"10":{"start":{"line":14,"column":4},"end":{"line":14,"column":29}},"11":{"start":{"line":15,"column":4},"end":{"line":15,"column":27}},"12":{"start":{"line":17,"column":4},"end":{"line":17,"column":33}},"13":{"start":{"line":3,"column":13},"end":{"line":3,"column":26}}},"fnMap":{"0":{"name":"(anonymous_0)","decl":{"start":{"line":3,"column":26},"end":{"line":3,"column":27}},"loc":{"start":{"line":3,"column":74},"end":{"line":19,"column":1}}}},"branchMap":{},"s":{"0":2,"1":2,"2":2,"3":4,"4":4,"5":4,"6":4,"7":4,"8":4,"9":4,"10":4,"11":4,"12":4,"13":2},"f":{"0":2},"b":{}}
,"C:\\Users\\Lenovo\\Desktop\\Testning\\testing-Niccar95\\src\\ts\\displayNoResult.ts": {"path":"C:\\Users\\Lenovo\\Desktop\\Testning\\testing-Niccar95\\src\\ts\\displayNoResult.ts","statementMap":{"0":{"start":{"line":1,"column":31},"end":{"line":7,"column":1}},"1":{"start":{"line":2,"column":18},"end":{"line":2,"column":45}},"2":{"start":{"line":4,"column":2},"end":{"line":4,"column":52}},"3":{"start":{"line":6,"column":2},"end":{"line":6,"column":35}},"4":{"start":{"line":1,"column":13},"end":{"line":1,"column":31}}},"fnMap":{"0":{"name":"(anonymous_0)","decl":{"start":{"line":1,"column":31},"end":{"line":1,"column":32}},"loc":{"start":{"line":1,"column":61},"end":{"line":7,"column":1}}}},"branchMap":{},"s":{"0":2,"1":1,"2":1,"3":1,"4":2},"f":{"0":1},"b":{}}
,"C:\\Users\\Lenovo\\Desktop\\Testning\\testing-Niccar95\\src\\ts\\functions.ts": {"path":"C:\\Users\\Lenovo\\Desktop\\Testning\\testing-Niccar95\\src\\ts\\functions.ts","statementMap":{"0":{"start":{"line":3,"column":25},"end":{"line":17,"column":1}},"1":{"start":{"line":4,"column":2},"end":{"line":16,"column":5}},"2":{"start":{"line":5,"column":4},"end":{"line":15,"column":5}},"3":{"start":{"line":6,"column":6},"end":{"line":6,"column":38}},"4":{"start":{"line":6,"column":29},"end":{"line":6,"column":38}},"5":{"start":{"line":7,"column":6},"end":{"line":7,"column":39}},"6":{"start":{"line":7,"column":29},"end":{"line":7,"column":39}},"7":{"start":{"line":9,"column":6},"end":{"line":9,"column":15}},"8":{"start":{"line":11,"column":6},"end":{"line":11,"column":39}},"9":{"start":{"line":11,"column":29},"end":{"line":11,"column":39}},"10":{"start":{"line":12,"column":6},"end":{"line":12,"column":38}},"11":{"start":{"line":12,"column":29},"end":{"line":12,"column":38}},"12":{"start":{"line":14,"column":6},"end":{"line":14,"column":15}},"13":{"start":{"line":3,"column":13},"end":{"line":3,"column":25}}},"fnMap":{"0":{"name":"(anonymous_0)","decl":{"start":{"line":3,"column":25},"end":{"line":3,"column":26}},"loc":{"start":{"line":3,"column":68},"end":{"line":17,"column":1}}},"1":{"name":"(anonymous_1)","decl":{"start":{"line":4,"column":21},"end":{"line":4,"column":22}},"loc":{"start":{"line":4,"column":46},"end":{"line":16,"column":3}}}},"branchMap":{"0":{"loc":{"start":{"line":3,"column":44},"end":{"line":3,"column":64}},"type":"default-arg","locations":[{"start":{"line":3,"column":60},"end":{"line":3,"column":64}}]},"1":{"loc":{"start":{"line":5,"column":4},"end":{"line":15,"column":5}},"type":"if","locations":[{"start":{"line":5,"column":4},"end":{"line":15,"column":5}},{"start":{"line":10,"column":11},"end":{"line":15,"column":5}}]},"2":{"loc":{"start":{"line":6,"column":6},"end":{"line":6,"column":38}},"type":"if","locations":[{"start":{"line":6,"column":6},"end":{"line":6,"column":38}}]},"3":{"loc":{"start":{"line":7,"column":6},"end":{"line":7,"column":39}},"type":"if","locations":[{"start":{"line":7,"column":6},"end":{"line":7,"column":39}}]},"4":{"loc":{"start":{"line":11,"column":6},"end":{"line":11,"column":39}},"type":"if","locations":[{"start":{"line":11,"column":6},"end":{"line":11,"column":39}}]},"5":{"loc":{"start":{"line":12,"column":6},"end":{"line":12,"column":38}},"type":"if","locations":[{"start":{"line":12,"column":6},"end":{"line":12,"column":38}}]}},"s":{"0":1,"1":8,"2":7,"3":4,"4":2,"5":2,"6":1,"7":1,"8":3,"9":1,"10":2,"11":1,"12":1,"13":1},"f":{"0":8,"1":7},"b":{"0":[2],"1":[4,3],"2":[2],"3":[1],"4":[1],"5":[1]}}
,"C:\\Users\\Lenovo\\Desktop\\Testning\\testing-Niccar95\\src\\ts\\movieApp.ts": {"path":"C:\\Users\\Lenovo\\Desktop\\Testning\\testing-Niccar95\\src\\ts\\movieApp.ts","statementMap":{"0":{"start":{"line":1,"column":0},"end":{"line":1,"column":42}},"1":{"start":{"line":2,"column":0},"end":{"line":2,"column":52}},"2":{"start":{"line":4,"column":0},"end":{"line":4,"column":50}},"3":{"start":{"line":6,"column":23},"end":{"line":6,"column":25}},"4":{"start":{"line":8,"column":20},"end":{"line":14,"column":1}},"5":{"start":{"line":9,"column":13},"end":{"line":9,"column":69}},"6":{"start":{"line":10,"column":2},"end":{"line":13,"column":5}},"7":{"start":{"line":11,"column":4},"end":{"line":11,"column":23}},"8":{"start":{"line":12,"column":4},"end":{"line":12,"column":19}},"9":{"start":{"line":8,"column":13},"end":{"line":8,"column":20}},"10":{"start":{"line":17,"column":20},"end":{"line":18,"column":10}},"11":{"start":{"line":20,"column":34},"end":{"line":21,"column":null}},"12":{"start":{"line":23,"column":2},"end":{"line":23,"column":27}},"13":{"start":{"line":25,"column":2},"end":{"line":35,"column":3}},"14":{"start":{"line":26,"column":4},"end":{"line":26,"column":39}},"15":{"start":{"line":28,"column":4},"end":{"line":32,"column":5}},"16":{"start":{"line":29,"column":6},"end":{"line":29,"column":36}},"17":{"start":{"line":31,"column":6},"end":{"line":31,"column":33}},"18":{"start":{"line":34,"column":4},"end":{"line":34,"column":31}},"19":{"start":{"line":16,"column":0},"end":{"line":16,"column":7}}},"fnMap":{"0":{"name":"(anonymous_0)","decl":{"start":{"line":8,"column":20},"end":{"line":8,"column":23}},"loc":{"start":{"line":8,"column":25},"end":{"line":14,"column":1}}},"1":{"name":"(anonymous_1)","decl":{"start":{"line":10,"column":34},"end":{"line":10,"column":35}},"loc":{"start":{"line":10,"column":53},"end":{"line":13,"column":3}}},"2":{"name":"handleSubmit","decl":{"start":{"line":16,"column":22},"end":{"line":16,"column":34}},"loc":{"start":{"line":16,"column":34},"end":{"line":36,"column":1}}}},"branchMap":{"0":{"loc":{"start":{"line":28,"column":4},"end":{"line":32,"column":5}},"type":"if","locations":[{"start":{"line":28,"column":4},"end":{"line":32,"column":5}},{"start":{"line":30,"column":11},"end":{"line":32,"column":5}}]}},"s":{"0":1,"1":1,"2":1,"3":1,"4":1,"5":0,"6":0,"7":0,"8":0,"9":1,"10":3,"11":3,"12":3,"13":3,"14":3,"15":2,"16":1,"17":1,"18":1,"19":1},"f":{"0":0,"1":0,"2":3},"b":{"0":[1,1]}}
,"C:\\Users\\Lenovo\\Desktop\\Testning\\testing-Niccar95\\src\\ts\\services\\movieService.ts": {"path":"C:\\Users\\Lenovo\\Desktop\\Testning\\testing-Niccar95\\src\\ts\\services\\movieService.ts","statementMap":{"0":{"start":{"line":3,"column":0},"end":{"line":3,"column":26}},"1":{"start":{"line":5,"column":23},"end":{"line":14,"column":1}},"2":{"start":{"line":6,"column":2},"end":{"line":13,"column":7}},"3":{"start":{"line":9,"column":6},"end":{"line":9,"column":30}},"4":{"start":{"line":12,"column":6},"end":{"line":12,"column":16}},"5":{"start":{"line":5,"column":13},"end":{"line":5,"column":23}}},"fnMap":{"0":{"name":"(anonymous_0)","decl":{"start":{"line":5,"column":23},"end":{"line":5,"column":28}},"loc":{"start":{"line":5,"column":71},"end":{"line":14,"column":1}}},"1":{"name":"(anonymous_1)","decl":{"start":{"line":8,"column":10},"end":{"line":8,"column":11}},"loc":{"start":{"line":8,"column":19},"end":{"line":10,"column":5}}},"2":{"name":"(anonymous_2)","decl":{"start":{"line":11,"column":11},"end":{"line":11,"column":14}},"loc":{"start":{"line":11,"column":16},"end":{"line":13,"column":5}}}},"branchMap":{},"s":{"0":1,"1":1,"2":3,"3":2,"4":1,"5":1},"f":{"0":3,"1":2,"2":1},"b":{}}
}
