TN:
SF:src\ts\createHtml.ts
FN:3,(anonymous_0)
FNF:1
FNH:1
FNDA:1,(anonymous_0)
DA:3,1
DA:4,1
DA:5,2
DA:6,2
DA:7,2
DA:9,2
DA:10,2
DA:11,2
DA:12,2
DA:14,2
DA:15,2
DA:17,2
LF:12
LH:12
BRF:0
BRH:0
end_of_record
TN:
SF:src\ts\functions.ts
FN:3,(anonymous_0)
FN:4,(anonymous_1)
FNF:2
FNH:2
FNDA:5,(anonymous_0)
FNDA:3,(anonymous_1)
DA:3,1
DA:4,5
DA:5,3
DA:6,2
DA:7,0
DA:9,0
DA:11,1
DA:12,0
DA:14,0
LF:9
LH:5
BRDA:3,0,0,3
BRDA:5,1,0,2
BRDA:5,1,1,1
BRDA:6,2,0,2
BRDA:7,3,0,0
BRDA:11,4,0,1
BRDA:12,5,0,0
BRF:7
BRH:5
end_of_record
TN:
SF:src\ts\movieApp.ts
FN:7,(anonymous_0)
FN:9,(anonymous_1)
FN:15,handleSubmit
FN:37,(anonymous_3)
FNF:4
FNH:2
FNDA:0,(anonymous_0)
FNDA:0,(anonymous_1)
FNDA:3,handleSubmit
FNDA:2,(anonymous_3)
DA:1,1
DA:3,1
DA:5,1
DA:7,1
DA:8,0
DA:9,0
DA:10,0
DA:11,0
DA:15,1
DA:16,3
DA:19,3
DA:22,3
DA:24,3
DA:25,3
DA:27,2
DA:28,1
DA:30,1
DA:33,1
DA:37,1
DA:38,2
DA:40,2
DA:42,2
LF:22
LH:18
BRDA:27,0,0,1
BRDA:27,0,1,1
BRF:2
BRH:2
end_of_record
TN:
SF:src\ts\services\movieService.ts
FN:5,(anonymous_0)
FN:8,(anonymous_1)
FN:11,(anonymous_2)
FNF:3
FNH:3
FNDA:3,(anonymous_0)
FNDA:2,(anonymous_1)
FNDA:1,(anonymous_2)
DA:3,1
DA:5,1
DA:6,3
DA:9,2
DA:12,1
LF:5
LH:5
BRF:0
BRH:0
end_of_record
